
> web@1.0.0 build C:\Users\Aravinthan\manga\MANGA_REP\apps\web
> rm -rf ./.next && next build

   ▲ Next.js 15.0.3

   Creating an optimized production build ...

[1m[33mwarn[39m[22m - As of Tailwind CSS v2.2, `lightBlue` has been renamed to `sky`.
[1m[33mwarn[39m[22m - Update your configuration file to silence this warning.

[1m[33mwarn[39m[22m - As of Tailwind CSS v3.0, `warmGray` has been renamed to `stone`.
[1m[33mwarn[39m[22m - Update your configuration file to silence this warning.

[1m[33mwarn[39m[22m - As of Tailwind CSS v3.0, `trueGray` has been renamed to `neutral`.
[1m[33mwarn[39m[22m - Update your configuration file to silence this warning.

[1m[33mwarn[39m[22m - As of Tailwind CSS v3.0, `coolGray` has been renamed to `gray`.
[1m[33mwarn[39m[22m - Update your configuration file to silence this warning.

[1m[33mwarn[39m[22m - As of Tailwind CSS v3.0, `blueGray` has been renamed to `slate`.
[1m[33mwarn[39m[22m - Update your configuration file to silence this warning.
 ✓ Compiled successfully
   Linting and checking validity of types ...
   Collecting page data ...
   Generating static pages (0/5) ...
   Generating static pages (1/5) 
   Generating static pages (2/5) 
   Generating static pages (3/5) 
 ✓ Generating static pages (5/5)
   Finalizing page optimization ...
   Collecting build traces ...

Route (app)                              Size     First Load JS
┌ ○ /                                    934 B           101 kB
├ ○ /_not-found                          896 B           101 kB
├ ○ /chapters                            136 B           100 kB
└ ƒ /chapters/[...slug]                  66.9 kB         167 kB
+ First Load JS shared by all            100 kB
  ├ chunks/299-14010f510f940cdf.js       45.6 kB
  ├ chunks/f2953510-2af77641e098a9d0.js  52.5 kB
  └ other shared chunks (total)          1.91 kB


○  (Static)   prerendered as static content
ƒ  (Dynamic)  server-rendered on demand

